<?xml version="1.0" encoding="UTF-8"?>
<testsuite xmlns:xsi="http://www.w3.org/2001/XMLSchema-instance" xsi:noNamespaceSchemaLocation="https://maven.apache.org/surefire/maven-surefire-plugin/xsd/surefire-test-report-3.0.xsd" version="3.0" name="com.example.triptix.TripTixApplicationTests" time="9.919" tests="1" errors="0" skipped="0" failures="0">
  <properties>
[...]
</properties>
  <testcase name="contextLoads" classname="com.example.triptix.TripTixApplicationTests" time="1.378">
    <system-out><![CDATA[13:03:27.729 [main] INFO org.springframework.test.context.support.AnnotationConfigContextLoaderUtils -- Could not detect default configuration classes for test class [com.example.triptix.TripTixApplicationTests]: TripTixApplicationTests does not declare any static, non-private, non-final, nested classes annotated with @Configuration.
13:03:27.921 [main] INFO org.springframework.boot.test.context.SpringBootTestContextBootstrapper -- Found @SpringBootConfiguration com.example.triptix.TripTixApplication for test class com.example.triptix.TripTixApplicationTests
13:03:28.308 [main] INFO org.springframework.boot.devtools.restart.RestartApplicationListener -- Restart disabled due to context in which it is running
  .   ____          _            __ _ _
 /\\ / ___'_ __ _ _(_)_ __  __ _ \ \ \ \
( ( )\___ | '_ | '_| | '_ \/ _` | \ \ \ \
 \\/  ___)| |_)| | | | | || (_| |  ) ) ) )
  '  |____| .__|_| |_|_| |_\__, | / / / /
 =========|_|==============|___/=/_/_/_/

 :: Spring Boot ::                (v3.3.0)

2024-06-03T13:03:28.856-05:00  INFO 20616 --- [Trip-Tix] [           main] c.e.triptix.TripTixApplicationTests      : Starting TripTixApplicationTests using Java 18.0.1 with PID 20616 (started by Donna in C:\Users\Administrator\Downloads\triptix\triptix)
2024-06-03T13:03:28.858-05:00  INFO 20616 --- [Trip-Tix] [           main] c.e.triptix.TripTixApplicationTests      : No active profile set, falling back to 1 default profile: "default"
2024-06-03T13:03:30.127-05:00  INFO 20616 --- [Trip-Tix] [           main] .s.d.r.c.RepositoryConfigurationDelegate : Bootstrapping Spring Data JPA repositories in DEFAULT mode.
2024-06-03T13:03:30.166-05:00  INFO 20616 --- [Trip-Tix] [           main] .s.d.r.c.RepositoryConfigurationDelegate : Finished Spring Data repository scanning in 23 ms. Found 0 JPA repository interfaces.
2024-06-03T13:03:31.248-05:00  INFO 20616 --- [Trip-Tix] [           main] o.hibernate.jpa.internal.util.LogHelper  : HHH000204: Processing PersistenceUnitInfo [name: default]
2024-06-03T13:03:31.354-05:00  INFO 20616 --- [Trip-Tix] [           main] org.hibernate.Version                    : HHH000412: Hibernate ORM core version 6.5.2.Final
2024-06-03T13:03:31.426-05:00  INFO 20616 --- [Trip-Tix] [           main] o.h.c.internal.RegionFactoryInitiator    : HHH000026: Second-level cache disabled
2024-06-03T13:03:31.694-05:00 DEBUG 20616 --- [Trip-Tix] [           main] org.hibernate.type.BasicTypeRegistry     : Adding type registration boolean -> org.hibernate.type.BasicTypeReference@2f3928ac
2024-06-03T13:03:31.695-05:00 DEBUG 20616 --- [Trip-Tix] [           main] org.hibernate.type.BasicTypeRegistry     : Adding type registration boolean -> org.hibernate.type.BasicTypeReference@2f3928ac
2024-06-03T13:03:31.695-05:00 DEBUG 20616 --- [Trip-Tix] [           main] org.hibernate.type.BasicTypeRegistry     : Adding type registration java.lang.Boolean -> org.hibernate.type.BasicTypeReference@2f3928ac
2024-06-03T13:03:31.695-05:00 DEBUG 20616 --- [Trip-Tix] [           main] org.hibernate.type.BasicTypeRegistry     : Adding type registration numeric_boolean -> org.hibernate.type.BasicTypeReference@4bf03fee
2024-06-03T13:03:31.695-05:00 DEBUG 20616 --- [Trip-Tix] [           main] org.hibernate.type.BasicTypeRegistry     : Adding type registration org.hibernate.type.NumericBooleanConverter -> org.hibernate.type.BasicTypeReference@4bf03fee
2024-06-03T13:03:31.696-05:00 DEBUG 20616 --- [Trip-Tix] [           main] org.hibernate.type.BasicTypeRegistry     : Adding type registration true_false -> org.hibernate.type.BasicTypeReference@31834a2b
2024-06-03T13:03:31.696-05:00 DEBUG 20616 --- [Trip-Tix] [           main] org.hibernate.type.BasicTypeRegistry     : Adding type registration org.hibernate.type.TrueFalseConverter -> org.hibernate.type.BasicTypeReference@31834a2b
2024-06-03T13:03:31.696-05:00 DEBUG 20616 --- [Trip-Tix] [           main] org.hibernate.type.BasicTypeRegistry     : Adding type registration yes_no -> org.hibernate.type.BasicTypeReference@44f0ff2b
2024-06-03T13:03:31.696-05:00 DEBUG 20616 --- [Trip-Tix] [           main] org.hibernate.type.BasicTypeRegistry     : Adding type registration org.hibernate.type.YesNoConverter -> org.hibernate.type.BasicTypeReference@44f0ff2b
2024-06-03T13:03:31.696-05:00 DEBUG 20616 --- [Trip-Tix] [           main] org.hibernate.type.BasicTypeRegistry     : Adding type registration byte -> org.hibernate.type.BasicTypeReference@22ead351
2024-06-03T13:03:31.697-05:00 DEBUG 20616 --- [Trip-Tix] [           main] org.hibernate.type.BasicTypeRegistry     : Adding type registration byte -> org.hibernate.type.BasicTypeReference@22ead351
2024-06-03T13:03:31.697-05:00 DEBUG 20616 --- [Trip-Tix] [           main] org.hibernate.type.BasicTypeRegistry     : Adding type registration java.lang.Byte -> org.hibernate.type.BasicTypeReference@22ead351
2024-06-03T13:03:31.697-05:00 DEBUG 20616 --- [Trip-Tix] [           main] org.hibernate.type.BasicTypeRegistry     : Adding type registration binary -> org.hibernate.type.BasicTypeReference@68af87ad
2024-06-03T13:03:31.697-05:00 DEBUG 20616 --- [Trip-Tix] [           main] org.hibernate.type.BasicTypeRegistry     : Adding type registration byte[] -> org.hibernate.type.BasicTypeReference@68af87ad
2024-06-03T13:03:31.697-05:00 DEBUG 20616 --- [Trip-Tix] [           main] org.hibernate.type.BasicTypeRegistry     : Adding type registration [B -> org.hibernate.type.BasicTypeReference@68af87ad
2024-06-03T13:03:31.697-05:00 DEBUG 20616 --- [Trip-Tix] [           main] org.hibernate.type.BasicTypeRegistry     : Adding type registration binary_wrapper -> org.hibernate.type.BasicTypeReference@43d65a81
2024-06-03T13:03:31.698-05:00 DEBUG 20616 --- [Trip-Tix] [           main] org.hibernate.type.BasicTypeRegistry     : Adding type registration wrapper-binary -> org.hibernate.type.BasicTypeReference@43d65a81
2024-06-03T13:03:31.698-05:00 DEBUG 20616 --- [Trip-Tix] [           main] org.hibernate.type.BasicTypeRegistry     : Adding type registration image -> org.hibernate.type.BasicTypeReference@9cfc77
2024-06-03T13:03:31.698-05:00 DEBUG 20616 --- [Trip-Tix] [           main] org.hibernate.type.BasicTypeRegistry     : Adding type registration blob -> org.hibernate.type.BasicTypeReference@7418d76e
2024-06-03T13:03:31.698-05:00 DEBUG 20616 --- [Trip-Tix] [           main] org.hibernate.type.BasicTypeRegistry     : Adding type registration java.sql.Blob -> org.hibernate.type.BasicTypeReference@7418d76e
2024-06-03T13:03:31.699-05:00 DEBUG 20616 --- [Trip-Tix] [           main] org.hibernate.type.BasicTypeRegistry     : Adding type registration materialized_blob -> org.hibernate.type.BasicTypeReference@601eb4af
2024-06-03T13:03:31.699-05:00 DEBUG 20616 --- [Trip-Tix] [           main] org.hibernate.type.BasicTypeRegistry     : Adding type registration materialized_blob_wrapper -> org.hibernate.type.BasicTypeReference@11ede87f
2024-06-03T13:03:31.699-05:00 DEBUG 20616 --- [Trip-Tix] [           main] org.hibernate.type.BasicTypeRegistry     : Adding type registration short -> org.hibernate.type.BasicTypeReference@7675c171
2024-06-03T13:03:31.699-05:00 DEBUG 20616 --- [Trip-Tix] [           main] org.hibernate.type.BasicTypeRegistry     : Adding type registration short -> org.hibernate.type.BasicTypeReference@7675c171
2024-06-03T13:03:31.699-05:00 DEBUG 20616 --- [Trip-Tix] [           main] org.hibernate.type.BasicTypeRegistry     : Adding type registration java.lang.Short -> org.hibernate.type.BasicTypeReference@7675c171
2024-06-03T13:03:31.700-05:00 DEBUG 20616 --- [Trip-Tix] [           main] org.hibernate.type.BasicTypeRegistry     : Adding type registration integer -> org.hibernate.type.BasicTypeReference@44e4cb76
2024-06-03T13:03:31.700-05:00 DEBUG 20616 --- [Trip-Tix] [           main] org.hibernate.type.BasicTypeRegistry     : Adding type registration int -> org.hibernate.type.BasicTypeReference@44e4cb76
2024-06-03T13:03:31.700-05:00 DEBUG 20616 --- [Trip-Tix] [           main] org.hibernate.type.BasicTypeRegistry     : Adding type registration java.lang.Integer -> org.hibernate.type.BasicTypeReference@44e4cb76
2024-06-03T13:03:31.700-05:00 DEBUG 20616 --- [Trip-Tix] [           main] org.hibernate.type.BasicTypeRegistry     : Adding type registration long -> org.hibernate.type.BasicTypeReference@51cab489
2024-06-03T13:03:31.701-05:00 DEBUG 20616 --- [Trip-Tix] [           main] org.hibernate.type.BasicTypeRegistry     : Adding type registration long -> org.hibernate.type.BasicTypeReference@51cab489
2024-06-03T13:03:31.701-05:00 DEBUG 20616 --- [Trip-Tix] [           main] org.hibernate.type.BasicTypeRegistry     : Adding type registration java.lang.Long -> org.hibernate.type.BasicTypeReference@51cab489
2024-06-03T13:03:31.701-05:00 DEBUG 20616 --- [Trip-Tix] [           main] org.hibernate.type.BasicTypeRegistry     : Adding type registration float -> org.hibernate.type.BasicTypeReference@2f9a10df
2024-06-03T13:03:31.702-05:00 DEBUG 20616 --- [Trip-Tix] [           main] org.hibernate.type.BasicTypeRegistry     : Adding type registration float -> org.hibernate.type.BasicTypeReference@2f9a10df
2024-06-03T13:03:31.702-05:00 DEBUG 20616 --- [Trip-Tix] [           main] org.hibernate.type.BasicTypeRegistry     : Adding type registration java.lang.Float -> org.hibernate.type.BasicTypeReference@2f9a10df
2024-06-03T13:03:31.702-05:00 DEBUG 20616 --- [Trip-Tix] [           main] org.hibernate.type.BasicTypeRegistry     : Adding type registration double -> org.hibernate.type.BasicTypeReference@773c2214
2024-06-03T13:03:31.702-05:00 DEBUG 20616 --- [Trip-Tix] [           main] org.hibernate.type.BasicTypeRegistry     : Adding type registration double -> org.hibernate.type.BasicTypeReference@773c2214
2024-06-03T13:03:31.703-05:00 DEBUG 20616 --- [Trip-Tix] [           main] org.hibernate.type.BasicTypeRegistry     : Adding type registration java.lang.Double -> org.hibernate.type.BasicTypeReference@773c2214
2024-06-03T13:03:31.703-05:00 DEBUG 20616 --- [Trip-Tix] [           main] org.hibernate.type.BasicTypeRegistry     : Adding type registration big_integer -> org.hibernate.type.BasicTypeReference@15e1f8fe
2024-06-03T13:03:31.703-05:00 DEBUG 20616 --- [Trip-Tix] [           main] org.hibernate.type.BasicTypeRegistry     : Adding type registration java.math.BigInteger -> org.hibernate.type.BasicTypeReference@15e1f8fe
2024-06-03T13:03:31.703-05:00 DEBUG 20616 --- [Trip-Tix] [           main] org.hibernate.type.BasicTypeRegistry     : Adding type registration big_decimal -> org.hibernate.type.BasicTypeReference@110b7837
2024-06-03T13:03:31.704-05:00 DEBUG 20616 --- [Trip-Tix] [           main] org.hibernate.type.BasicTypeRegistry     : Adding type registration java.math.BigDecimal -> org.hibernate.type.BasicTypeReference@110b7837
2024-06-03T13:03:31.704-05:00 DEBUG 20616 --- [Trip-Tix] [           main] org.hibernate.type.BasicTypeRegistry     : Adding type registration character -> org.hibernate.type.BasicTypeReference@6ee88e21
2024-06-03T13:03:31.705-05:00 DEBUG 20616 --- [Trip-Tix] [           main] org.hibernate.type.BasicTypeRegistry     : Adding type registration char -> org.hibernate.type.BasicTypeReference@6ee88e21
2024-06-03T13:03:31.705-05:00 DEBUG 20616 --- [Trip-Tix] [           main] org.hibernate.type.BasicTypeRegistry     : Adding type registration java.lang.Character -> org.hibernate.type.BasicTypeReference@6ee88e21
2024-06-03T13:03:31.705-05:00 DEBUG 20616 --- [Trip-Tix] [           main] org.hibernate.type.BasicTypeRegistry     : Adding type registration character_nchar -> org.hibernate.type.BasicTypeReference@78d23d6a
2024-06-03T13:03:31.706-05:00 DEBUG 20616 --- [Trip-Tix] [           main] org.hibernate.type.BasicTypeRegistry     : Adding type registration string -> org.hibernate.type.BasicTypeReference@626e0c86
2024-06-03T13:03:31.706-05:00 DEBUG 20616 --- [Trip-Tix] [           main] org.hibernate.type.BasicTypeRegistry     : Adding type registration java.lang.String -> org.hibernate.type.BasicTypeReference@626e0c86
2024-06-03T13:03:31.706-05:00 DEBUG 20616 --- [Trip-Tix] [           main] org.hibernate.type.BasicTypeRegistry     : Adding type registration nstring -> org.hibernate.type.BasicTypeReference@28ee0a3c
2024-06-03T13:03:31.707-05:00 DEBUG 20616 --- [Trip-Tix] [           main] org.hibernate.type.BasicTypeRegistry     : Adding type registration characters -> org.hibernate.type.BasicTypeReference@2dd1086
2024-06-03T13:03:31.707-05:00 DEBUG 20616 --- [Trip-Tix] [           main] org.hibernate.type.BasicTypeRegistry     : Adding type registration char[] -> org.hibernate.type.BasicTypeReference@2dd1086
2024-06-03T13:03:31.708-05:00 DEBUG 20616 --- [Trip-Tix] [           main] org.hibernate.type.BasicTypeRegistry     : Adding type registration [C -> org.hibernate.type.BasicTypeReference@2dd1086
2024-06-03T13:03:31.708-05:00 DEBUG 20616 --- [Trip-Tix] [           main] org.hibernate.type.BasicTypeRegistry     : Adding type registration wrapper-characters -> org.hibernate.type.BasicTypeReference@6b8d54da
2024-06-03T13:03:31.708-05:00 DEBUG 20616 --- [Trip-Tix] [           main] org.hibernate.type.BasicTypeRegistry     : Adding type registration text -> org.hibernate.type.BasicTypeReference@79957f11
2024-06-03T13:03:31.708-05:00 DEBUG 20616 --- [Trip-Tix] [           main] org.hibernate.type.BasicTypeRegistry     : Adding type registration ntext -> org.hibernate.type.BasicTypeReference@217235f5
2024-06-03T13:03:31.708-05:00 DEBUG 20616 --- [Trip-Tix] [           main] org.hibernate.type.BasicTypeRegistry     : Adding type registration clob -> org.hibernate.type.BasicTypeReference@4b41587d
2024-06-03T13:03:31.709-05:00 DEBUG 20616 --- [Trip-Tix] [           main] org.hibernate.type.BasicTypeRegistry     : Adding type registration java.sql.Clob -> org.hibernate.type.BasicTypeReference@4b41587d
2024-06-03T13:03:31.709-05:00 DEBUG 20616 --- [Trip-Tix] [           main] org.hibernate.type.BasicTypeRegistry     : Adding type registration nclob -> org.hibernate.type.BasicTypeReference@4aebee4b
2024-06-03T13:03:31.709-05:00 DEBUG 20616 --- [Trip-Tix] [           main] org.hibernate.type.BasicTypeRegistry     : Adding type registration java.sql.NClob -> org.hibernate.type.BasicTypeReference@4aebee4b
2024-06-03T13:03:31.710-05:00 DEBUG 20616 --- [Trip-Tix] [           main] org.hibernate.type.BasicTypeRegistry     : Adding type registration materialized_clob -> org.hibernate.type.BasicTypeReference@18d47df0
2024-06-03T13:03:31.710-05:00 DEBUG 20616 --- [Trip-Tix] [           main] org.hibernate.type.BasicTypeRegistry     : Adding type registration materialized_clob_char_array -> org.hibernate.type.BasicTypeReference@28393e82
2024-06-03T13:03:31.710-05:00 DEBUG 20616 --- [Trip-Tix] [           main] org.hibernate.type.BasicTypeRegistry     : Adding type registration materialized_clob_character_array -> org.hibernate.type.BasicTypeReference@697a0948
2024-06-03T13:03:31.710-05:00 DEBUG 20616 --- [Trip-Tix] [           main] org.hibernate.type.BasicTypeRegistry     : Adding type registration materialized_nclob -> org.hibernate.type.BasicTypeReference@7cf63b9a
2024-06-03T13:03:31.711-05:00 DEBUG 20616 --- [Trip-Tix] [           main] org.hibernate.type.BasicTypeRegistry     : Adding type registration materialized_nclob_character_array -> org.hibernate.type.BasicTypeReference@4776e209
2024-06-03T13:03:31.711-05:00 DEBUG 20616 --- [Trip-Tix] [           main] org.hibernate.type.BasicTypeRegistry     : Adding type registration materialized_nclob_char_array -> org.hibernate.type.BasicTypeReference@265a094b
2024-06-03T13:03:31.712-05:00 DEBUG 20616 --- [Trip-Tix] [           main] org.hibernate.type.BasicTypeRegistry     : Adding type registration Duration -> org.hibernate.type.BasicTypeReference@1f536481
2024-06-03T13:03:31.712-05:00 DEBUG 20616 --- [Trip-Tix] [           main] org.hibernate.type.BasicTypeRegistry     : Adding type registration java.time.Duration -> org.hibernate.type.BasicTypeReference@1f536481
2024-06-03T13:03:31.712-05:00 DEBUG 20616 --- [Trip-Tix] [           main] org.hibernate.type.BasicTypeRegistry     : Adding type registration LocalDateTime -> org.hibernate.type.BasicTypeReference@5234b61a
2024-06-03T13:03:31.712-05:00 DEBUG 20616 --- [Trip-Tix] [           main] org.hibernate.type.BasicTypeRegistry     : Adding type registration java.time.LocalDateTime -> org.hibernate.type.BasicTypeReference@5234b61a
2024-06-03T13:03:31.713-05:00 DEBUG 20616 --- [Trip-Tix] [           main] org.hibernate.type.BasicTypeRegistry     : Adding type registration LocalDate -> org.hibernate.type.BasicTypeReference@22a260ff
2024-06-03T13:03:31.713-05:00 DEBUG 20616 --- [Trip-Tix] [           main] org.hibernate.type.BasicTypeRegistry     : Adding type registration java.time.LocalDate -> org.hibernate.type.BasicTypeReference@22a260ff
2024-06-03T13:03:31.713-05:00 DEBUG 20616 --- [Trip-Tix] [           main] org.hibernate.type.BasicTypeRegistry     : Adding type registration LocalTime -> org.hibernate.type.BasicTypeReference@54c425b1
2024-06-03T13:03:31.713-05:00 DEBUG 20616 --- [Trip-Tix] [           main] org.hibernate.type.BasicTypeRegistry     : Adding type registration java.time.LocalTime -> org.hibernate.type.BasicTypeReference@54c425b1
2024-06-03T13:03:31.714-05:00 DEBUG 20616 --- [Trip-Tix] [           main] org.hibernate.type.BasicTypeRegistry     : Adding type registration OffsetDateTime -> org.hibernate.type.BasicTypeReference@50b734c4
2024-06-03T13:03:31.714-05:00 DEBUG 20616 --- [Trip-Tix] [           main] org.hibernate.type.BasicTypeRegistry     : Adding type registration java.time.OffsetDateTime -> org.hibernate.type.BasicTypeReference@50b734c4
2024-06-03T13:03:31.714-05:00 DEBUG 20616 --- [Trip-Tix] [           main] org.hibernate.type.BasicTypeRegistry     : Adding type registration OffsetDateTimeWithTimezone -> org.hibernate.type.BasicTypeReference@2744dcae
2024-06-03T13:03:31.714-05:00 DEBUG 20616 --- [Trip-Tix] [           main] org.hibernate.type.BasicTypeRegistry     : Adding type registration OffsetDateTimeWithoutTimezone -> org.hibernate.type.BasicTypeReference@16d0e521
2024-06-03T13:03:31.714-05:00 DEBUG 20616 --- [Trip-Tix] [           main] org.hibernate.type.BasicTypeRegistry     : Adding type registration OffsetTime -> org.hibernate.type.BasicTypeReference@634ca3e7
2024-06-03T13:03:31.715-05:00 DEBUG 20616 --- [Trip-Tix] [           main] org.hibernate.type.BasicTypeRegistry     : Adding type registration java.time.OffsetTime -> org.hibernate.type.BasicTypeReference@634ca3e7
2024-06-03T13:03:31.715-05:00 DEBUG 20616 --- [Trip-Tix] [           main] org.hibernate.type.BasicTypeRegistry     : Adding type registration OffsetTimeUtc -> org.hibernate.type.BasicTypeReference@ab4aa5e
2024-06-03T13:03:31.715-05:00 DEBUG 20616 --- [Trip-Tix] [           main] org.hibernate.type.BasicTypeRegistry     : Adding type registration OffsetTimeWithTimezone -> org.hibernate.type.BasicTypeReference@b14b60a
2024-06-03T13:03:31.715-05:00 DEBUG 20616 --- [Trip-Tix] [           main] org.hibernate.type.BasicTypeRegistry     : Adding type registration OffsetTimeWithoutTimezone -> org.hibernate.type.BasicTypeReference@1a7cb3a4
2024-06-03T13:03:31.716-05:00 DEBUG 20616 --- [Trip-Tix] [           main] org.hibernate.type.BasicTypeRegistry     : Adding type registration ZonedDateTime -> org.hibernate.type.BasicTypeReference@1c297897
2024-06-03T13:03:31.716-05:00 DEBUG 20616 --- [Trip-Tix] [           main] org.hibernate.type.BasicTypeRegistry     : Adding type registration java.time.ZonedDateTime -> org.hibernate.type.BasicTypeReference@1c297897
2024-06-03T13:03:31.716-05:00 DEBUG 20616 --- [Trip-Tix] [           main] org.hibernate.type.BasicTypeRegistry     : Adding type registration ZonedDateTimeWithTimezone -> org.hibernate.type.BasicTypeReference@33e0c716
2024-06-03T13:03:31.716-05:00 DEBUG 20616 --- [Trip-Tix] [           main] org.hibernate.type.BasicTypeRegistry     : Adding type registration ZonedDateTimeWithoutTimezone -> org.hibernate.type.BasicTypeReference@1d6a8386
2024-06-03T13:03:31.717-05:00 DEBUG 20616 --- [Trip-Tix] [           main] org.hibernate.type.BasicTypeRegistry     : Adding type registration date -> org.hibernate.type.BasicTypeReference@6274f21c
2024-06-03T13:03:31.717-05:00 DEBUG 20616 --- [Trip-Tix] [           main] org.hibernate.type.BasicTypeRegistry     : Adding type registration java.sql.Date -> org.hibernate.type.BasicTypeReference@6274f21c
2024-06-03T13:03:31.717-05:00 DEBUG 20616 --- [Trip-Tix] [           main] org.hibernate.type.BasicTypeRegistry     : Adding type registration time -> org.hibernate.type.BasicTypeReference@35cec305
2024-06-03T13:03:31.717-05:00 DEBUG 20616 --- [Trip-Tix] [           main] org.hibernate.type.BasicTypeRegistry     : Adding type registration java.sql.Time -> org.hibernate.type.BasicTypeReference@35cec305
2024-06-03T13:03:31.718-05:00 DEBUG 20616 --- [Trip-Tix] [           main] org.hibernate.type.BasicTypeRegistry     : Adding type registration timestamp -> org.hibernate.type.BasicTypeReference@237add
2024-06-03T13:03:31.718-05:00 DEBUG 20616 --- [Trip-Tix] [           main] org.hibernate.type.BasicTypeRegistry     : Adding type registration java.sql.Timestamp -> org.hibernate.type.BasicTypeReference@237add
2024-06-03T13:03:31.718-05:00 DEBUG 20616 --- [Trip-Tix] [           main] org.hibernate.type.BasicTypeRegistry     : Adding type registration java.util.Date -> org.hibernate.type.BasicTypeReference@237add
2024-06-03T13:03:31.718-05:00 DEBUG 20616 --- [Trip-Tix] [           main] org.hibernate.type.BasicTypeRegistry     : Adding type registration calendar -> org.hibernate.type.BasicTypeReference@491cafec
2024-06-03T13:03:31.718-05:00 DEBUG 20616 --- [Trip-Tix] [           main] org.hibernate.type.BasicTypeRegistry     : Adding type registration java.util.Calendar -> org.hibernate.type.BasicTypeReference@491cafec
2024-06-03T13:03:31.719-05:00 DEBUG 20616 --- [Trip-Tix] [           main] org.hibernate.type.BasicTypeRegistry     : Adding type registration java.util.GregorianCalendar -> org.hibernate.type.BasicTypeReference@491cafec
2024-06-03T13:03:31.719-05:00 DEBUG 20616 --- [Trip-Tix] [           main] org.hibernate.type.BasicTypeRegistry     : Adding type registration calendar_date -> org.hibernate.type.BasicTypeReference@cbd40c1
2024-06-03T13:03:31.719-05:00 DEBUG 20616 --- [Trip-Tix] [           main] org.hibernate.type.BasicTypeRegistry     : Adding type registration calendar_time -> org.hibernate.type.BasicTypeReference@4fa86cb8
2024-06-03T13:03:31.719-05:00 DEBUG 20616 --- [Trip-Tix] [           main] org.hibernate.type.BasicTypeRegistry     : Adding type registration instant -> org.hibernate.type.BasicTypeReference@54c60202
2024-06-03T13:03:31.720-05:00 DEBUG 20616 --- [Trip-Tix] [           main] org.hibernate.type.BasicTypeRegistry     : Adding type registration java.time.Instant -> org.hibernate.type.BasicTypeReference@54c60202
2024-06-03T13:03:31.720-05:00 DEBUG 20616 --- [Trip-Tix] [           main] org.hibernate.type.BasicTypeRegistry     : Adding type registration uuid -> org.hibernate.type.BasicTypeReference@7889b4b9
2024-06-03T13:03:31.720-05:00 DEBUG 20616 --- [Trip-Tix] [           main] org.hibernate.type.BasicTypeRegistry     : Adding type registration java.util.UUID -> org.hibernate.type.BasicTypeReference@7889b4b9
2024-06-03T13:03:31.720-05:00 DEBUG 20616 --- [Trip-Tix] [           main] org.hibernate.type.BasicTypeRegistry     : Adding type registration pg-uuid -> org.hibernate.type.BasicTypeReference@7889b4b9
2024-06-03T13:03:31.720-05:00 DEBUG 20616 --- [Trip-Tix] [           main] org.hibernate.type.BasicTypeRegistry     : Adding type registration uuid-binary -> org.hibernate.type.BasicTypeReference@1e545821
2024-06-03T13:03:31.721-05:00 DEBUG 20616 --- [Trip-Tix] [           main] org.hibernate.type.BasicTypeRegistry     : Adding type registration uuid-char -> org.hibernate.type.BasicTypeReference@12952aff
2024-06-03T13:03:31.721-05:00 DEBUG 20616 --- [Trip-Tix] [           main] org.hibernate.type.BasicTypeRegistry     : Adding type registration class -> org.hibernate.type.BasicTypeReference@76a7fcbd
2024-06-03T13:03:31.721-05:00 DEBUG 20616 --- [Trip-Tix] [           main] org.hibernate.type.BasicTypeRegistry     : Adding type registration java.lang.Class -> org.hibernate.type.BasicTypeReference@76a7fcbd
2024-06-03T13:03:31.722-05:00 DEBUG 20616 --- [Trip-Tix] [           main] org.hibernate.type.BasicTypeRegistry     : Adding type registration currency -> org.hibernate.type.BasicTypeReference@433ea2ac
2024-06-03T13:03:31.722-05:00 DEBUG 20616 --- [Trip-Tix] [           main] org.hibernate.type.BasicTypeRegistry     : Adding type registration Currency -> org.hibernate.type.BasicTypeReference@433ea2ac
2024-06-03T13:03:31.722-05:00 DEBUG 20616 --- [Trip-Tix] [           main] org.hibernate.type.BasicTypeRegistry     : Adding type registration java.util.Currency -> org.hibernate.type.BasicTypeReference@433ea2ac
2024-06-03T13:03:31.722-05:00 DEBUG 20616 --- [Trip-Tix] [           main] org.hibernate.type.BasicTypeRegistry     : Adding type registration locale -> org.hibernate.type.BasicTypeReference@7f977fba
2024-06-03T13:03:31.723-05:00 DEBUG 20616 --- [Trip-Tix] [           main] org.hibernate.type.BasicTypeRegistry     : Adding type registration java.util.Locale -> org.hibernate.type.BasicTypeReference@7f977fba
2024-06-03T13:03:31.723-05:00 DEBUG 20616 --- [Trip-Tix] [           main] org.hibernate.type.BasicTypeRegistry     : Adding type registration serializable -> org.hibernate.type.BasicTypeReference@446e7065
2024-06-03T13:03:31.723-05:00 DEBUG 20616 --- [Trip-Tix] [           main] org.hibernate.type.BasicTypeRegistry     : Adding type registration java.io.Serializable -> org.hibernate.type.BasicTypeReference@446e7065
2024-06-03T13:03:31.723-05:00 DEBUG 20616 --- [Trip-Tix] [           main] org.hibernate.type.BasicTypeRegistry     : Adding type registration timezone -> org.hibernate.type.BasicTypeReference@d653e41
2024-06-03T13:03:31.723-05:00 DEBUG 20616 --- [Trip-Tix] [           main] org.hibernate.type.BasicTypeRegistry     : Adding type registration java.util.TimeZone -> org.hibernate.type.BasicTypeReference@d653e41
2024-06-03T13:03:31.724-05:00 DEBUG 20616 --- [Trip-Tix] [           main] org.hibernate.type.BasicTypeRegistry     : Adding type registration ZoneOffset -> org.hibernate.type.BasicTypeReference@3b78c683
2024-06-03T13:03:31.724-05:00 DEBUG 20616 --- [Trip-Tix] [           main] org.hibernate.type.BasicTypeRegistry     : Adding type registration java.time.ZoneOffset -> org.hibernate.type.BasicTypeReference@3b78c683
2024-06-03T13:03:31.724-05:00 DEBUG 20616 --- [Trip-Tix] [           main] org.hibernate.type.BasicTypeRegistry     : Adding type registration url -> org.hibernate.type.BasicTypeReference@7f5614f9
2024-06-03T13:03:31.724-05:00 DEBUG 20616 --- [Trip-Tix] [           main] org.hibernate.type.BasicTypeRegistry     : Adding type registration java.net.URL -> org.hibernate.type.BasicTypeReference@7f5614f9
2024-06-03T13:03:31.725-05:00 DEBUG 20616 --- [Trip-Tix] [           main] org.hibernate.type.BasicTypeRegistry     : Adding type registration vector -> org.hibernate.type.BasicTypeReference@480cbe2e
2024-06-03T13:03:31.725-05:00 DEBUG 20616 --- [Trip-Tix] [           main] org.hibernate.type.BasicTypeRegistry     : Adding type registration row_version -> org.hibernate.type.BasicTypeReference@6c3f1658
2024-06-03T13:03:31.735-05:00 DEBUG 20616 --- [Trip-Tix] [           main] org.hibernate.type.BasicTypeRegistry     : Adding type registration object -> org.hibernate.type.JavaObjectType@17222c11
2024-06-03T13:03:31.735-05:00 DEBUG 20616 --- [Trip-Tix] [           main] org.hibernate.type.BasicTypeRegistry     : Adding type registration java.lang.Object -> org.hibernate.type.JavaObjectType@17222c11
2024-06-03T13:03:31.739-05:00 DEBUG 20616 --- [Trip-Tix] [           main] org.hibernate.type.BasicTypeRegistry     : Adding type registration null -> org.hibernate.type.NullType@66d25ba9
2024-06-03T13:03:31.740-05:00 DEBUG 20616 --- [Trip-Tix] [           main] org.hibernate.type.BasicTypeRegistry     : Adding type registration imm_date -> org.hibernate.type.BasicTypeReference@3830f918
2024-06-03T13:03:31.741-05:00 DEBUG 20616 --- [Trip-Tix] [           main] org.hibernate.type.BasicTypeRegistry     : Adding type registration imm_time -> org.hibernate.type.BasicTypeReference@739831a4
2024-06-03T13:03:31.741-05:00 DEBUG 20616 --- [Trip-Tix] [           main] org.hibernate.type.BasicTypeRegistry     : Adding type registration imm_timestamp -> org.hibernate.type.BasicTypeReference@7e3236d
2024-06-03T13:03:31.741-05:00 DEBUG 20616 --- [Trip-Tix] [           main] org.hibernate.type.BasicTypeRegistry     : Adding type registration imm_calendar -> org.hibernate.type.BasicTypeReference@38a4e2b0
2024-06-03T13:03:31.741-05:00 DEBUG 20616 --- [Trip-Tix] [           main] org.hibernate.type.BasicTypeRegistry     : Adding type registration imm_calendar_date -> org.hibernate.type.BasicTypeReference@14c99bf6
2024-06-03T13:03:31.741-05:00 DEBUG 20616 --- [Trip-Tix] [           main] org.hibernate.type.BasicTypeRegistry     : Adding type registration imm_calendar_time -> org.hibernate.type.BasicTypeReference@266e9dda
2024-06-03T13:03:31.741-05:00 DEBUG 20616 --- [Trip-Tix] [           main] org.hibernate.type.BasicTypeRegistry     : Adding type registration imm_binary -> org.hibernate.type.BasicTypeReference@38883a31
2024-06-03T13:03:31.741-05:00 DEBUG 20616 --- [Trip-Tix] [           main] org.hibernate.type.BasicTypeRegistry     : Adding type registration imm_serializable -> org.hibernate.type.BasicTypeReference@27a6fef2
2024-06-03T13:03:32.495-05:00  INFO 20616 --- [Trip-Tix] [           main] o.s.o.j.p.SpringPersistenceUnitInfo      : No LoadTimeWeaver setup: ignoring JPA class transformer
2024-06-03T13:03:32.571-05:00  INFO 20616 --- [Trip-Tix] [           main] com.zaxxer.hikari.HikariDataSource       : HikariPool-1 - Starting...
2024-06-03T13:03:33.091-05:00  INFO 20616 --- [Trip-Tix] [           main] com.zaxxer.hikari.pool.HikariPool        : HikariPool-1 - Added connection com.mysql.cj.jdbc.ConnectionImpl@6003220a
2024-06-03T13:03:33.099-05:00  INFO 20616 --- [Trip-Tix] [           main] com.zaxxer.hikari.HikariDataSource       : HikariPool-1 - Start completed.
2024-06-03T13:03:33.198-05:00  WARN 20616 --- [Trip-Tix] [           main] org.hibernate.orm.deprecation            : HHH90000025: MySQL8Dialect does not need to be specified explicitly using 'hibernate.dialect' (remove the property setting and it will be selected by default)
2024-06-03T13:03:33.201-05:00  WARN 20616 --- [Trip-Tix] [           main] org.hibernate.orm.deprecation            : HHH90000026: MySQL8Dialect has been deprecated; use org.hibernate.dialect.MySQLDialect instead
2024-06-03T13:03:33.264-05:00 DEBUG 20616 --- [Trip-Tix] [           main] o.h.t.d.sql.spi.DdlTypeRegistry          : addDescriptor(12, org.hibernate.type.descriptor.sql.internal.CapacityDependentDdlType@7c226095) replaced previous registration(org.hibernate.type.descriptor.sql.internal.CapacityDependentDdlType@7ea07516)
2024-06-03T13:03:33.264-05:00 DEBUG 20616 --- [Trip-Tix] [           main] o.h.t.d.sql.spi.DdlTypeRegistry          : addDescriptor(-9, org.hibernate.type.descriptor.sql.internal.CapacityDependentDdlType@30af23fd) replaced previous registration(org.hibernate.type.descriptor.sql.internal.CapacityDependentDdlType@65fc8edc)
2024-06-03T13:03:33.265-05:00 DEBUG 20616 --- [Trip-Tix] [           main] o.h.t.d.sql.spi.DdlTypeRegistry          : addDescriptor(-3, org.hibernate.type.descriptor.sql.internal.CapacityDependentDdlType@a357c3e) replaced previous registration(org.hibernate.type.descriptor.sql.internal.CapacityDependentDdlType@7740b0ab)
2024-06-03T13:03:33.265-05:00 DEBUG 20616 --- [Trip-Tix] [           main] o.h.t.d.sql.spi.DdlTypeRegistry          : addDescriptor(4003, org.hibernate.type.descriptor.sql.internal.DdlTypeImpl@3eb9c575) replaced previous registration(org.hibernate.type.descriptor.sql.internal.DdlTypeImpl@3f322610)
2024-06-03T13:03:33.265-05:00 DEBUG 20616 --- [Trip-Tix] [           main] o.h.t.d.sql.spi.DdlTypeRegistry          : addDescriptor(4001, org.hibernate.type.descriptor.sql.internal.DdlTypeImpl@1e477944) replaced previous registration(org.hibernate.type.descriptor.sql.internal.DdlTypeImpl@6cf047cf)
2024-06-03T13:03:33.265-05:00 DEBUG 20616 --- [Trip-Tix] [           main] o.h.t.d.sql.spi.DdlTypeRegistry          : addDescriptor(4002, org.hibernate.type.descriptor.sql.internal.DdlTypeImpl@1c92a549) replaced previous registration(org.hibernate.type.descriptor.sql.internal.DdlTypeImpl@323e026d)
2024-06-03T13:03:33.265-05:00 DEBUG 20616 --- [Trip-Tix] [           main] o.h.t.d.sql.spi.DdlTypeRegistry          : addDescriptor(2004, org.hibernate.type.descriptor.sql.internal.CapacityDependentDdlType@1716c037) replaced previous registration(org.hibernate.type.descriptor.sql.internal.DdlTypeImpl@79b63325)
2024-06-03T13:03:33.265-05:00 DEBUG 20616 --- [Trip-Tix] [           main] o.h.t.d.sql.spi.DdlTypeRegistry          : addDescriptor(2005, org.hibernate.type.descriptor.sql.internal.CapacityDependentDdlType@708769b7) replaced previous registration(org.hibernate.type.descriptor.sql.internal.DdlTypeImpl@32e830a0)
2024-06-03T13:03:33.266-05:00 DEBUG 20616 --- [Trip-Tix] [           main] o.h.t.d.sql.spi.DdlTypeRegistry          : addDescriptor(2011, org.hibernate.type.descriptor.sql.internal.CapacityDependentDdlType@135e49b2) replaced previous registration(org.hibernate.type.descriptor.sql.internal.DdlTypeImpl@5bb97fe7)
2024-06-03T13:03:33.269-05:00 DEBUG 20616 --- [Trip-Tix] [           main] o.h.t.d.jdbc.spi.JdbcTypeRegistry        : addDescriptor(NCharTypeDescriptor) replaced previous registration(CharTypeDescriptor)
2024-06-03T13:03:33.270-05:00 DEBUG 20616 --- [Trip-Tix] [           main] o.h.t.d.jdbc.spi.JdbcTypeRegistry        : addDescriptor(NVarcharTypeDescriptor) replaced previous registration(VarcharTypeDescriptor)
2024-06-03T13:03:33.270-05:00 DEBUG 20616 --- [Trip-Tix] [           main] o.h.t.d.jdbc.spi.JdbcTypeRegistry        : addDescriptor(LongNVarcharTypeDescriptor) replaced previous registration(LongVarcharTypeDescriptor)
2024-06-03T13:03:33.278-05:00 DEBUG 20616 --- [Trip-Tix] [           main] o.h.t.d.jdbc.spi.JdbcTypeRegistry        : addDescriptor(NClobTypeDescriptor(DEFAULT)) replaced previous registration(ClobTypeDescriptor(DEFAULT))
2024-06-03T13:03:33.278-05:00 DEBUG 20616 --- [Trip-Tix] [           main] o.h.t.d.jdbc.spi.JdbcTypeRegistry        : addDescriptor(2005, ClobTypeDescriptor(STREAM_BINDING)) replaced previous registration(ClobTypeDescriptor(DEFAULT))
2024-06-03T13:03:33.287-05:00 DEBUG 20616 --- [Trip-Tix] [           main] org.hibernate.type.BasicTypeRegistry     : Adding type registration null -> org.hibernate.type.NullType@a69f9d
2024-06-03T13:03:33.288-05:00 DEBUG 20616 --- [Trip-Tix] [           main] org.hibernate.type.BasicTypeRegistry     : Type registration key [null] overrode previous entry : `org.hibernate.type.NullType@66d25ba9`
2024-06-03T13:03:33.298-05:00 DEBUG 20616 --- [Trip-Tix] [           main] org.hibernate.type.BasicTypeRegistry     : Adding type registration org.hibernate.type.DurationType -> basicType@1(java.time.Duration,3015)
2024-06-03T13:03:33.298-05:00 DEBUG 20616 --- [Trip-Tix] [           main] org.hibernate.type.BasicTypeRegistry     : Adding type registration Duration -> basicType@1(java.time.Duration,3015)
2024-06-03T13:03:33.298-05:00 DEBUG 20616 --- [Trip-Tix] [           main] org.hibernate.type.BasicTypeRegistry     : Adding type registration java.time.Duration -> basicType@1(java.time.Duration,3015)
2024-06-03T13:03:33.303-05:00 DEBUG 20616 --- [Trip-Tix] [           main] org.hibernate.type.BasicTypeRegistry     : Adding type registration org.hibernate.type.OffsetDateTimeType -> basicType@2(java.time.OffsetDateTime,3003)
2024-06-03T13:03:33.304-05:00 DEBUG 20616 --- [Trip-Tix] [           main] org.hibernate.type.BasicTypeRegistry     : Adding type registration OffsetDateTime -> basicType@2(java.time.OffsetDateTime,3003)
2024-06-03T13:03:33.304-05:00 DEBUG 20616 --- [Trip-Tix] [           main] org.hibernate.type.BasicTypeRegistry     : Adding type registration java.time.OffsetDateTime -> basicType@2(java.time.OffsetDateTime,3003)
2024-06-03T13:03:33.304-05:00 DEBUG 20616 --- [Trip-Tix] [           main] org.hibernate.type.BasicTypeRegistry     : Adding type registration org.hibernate.type.ZonedDateTimeType -> basicType@3(java.time.ZonedDateTime,3003)
2024-06-03T13:03:33.304-05:00 DEBUG 20616 --- [Trip-Tix] [           main] org.hibernate.type.BasicTypeRegistry     : Adding type registration ZonedDateTime -> basicType@3(java.time.ZonedDateTime,3003)
2024-06-03T13:03:33.305-05:00 DEBUG 20616 --- [Trip-Tix] [           main] org.hibernate.type.BasicTypeRegistry     : Adding type registration java.time.ZonedDateTime -> basicType@3(java.time.ZonedDateTime,3003)
2024-06-03T13:03:33.306-05:00 DEBUG 20616 --- [Trip-Tix] [           main] org.hibernate.type.BasicTypeRegistry     : Adding type registration org.hibernate.type.OffsetTimeType -> basicType@4(java.time.OffsetTime,3007)
2024-06-03T13:03:33.306-05:00 DEBUG 20616 --- [Trip-Tix] [           main] org.hibernate.type.BasicTypeRegistry     : Adding type registration OffsetTime -> basicType@4(java.time.OffsetTime,3007)
2024-06-03T13:03:33.307-05:00 DEBUG 20616 --- [Trip-Tix] [           main] org.hibernate.type.BasicTypeRegistry     : Adding type registration java.time.OffsetTime -> basicType@4(java.time.OffsetTime,3007)
2024-06-03T13:03:33.309-05:00 DEBUG 20616 --- [Trip-Tix] [           main] o.h.type.spi.TypeConfiguration$Scope     : Scoping TypeConfiguration [org.hibernate.type.spi.TypeConfiguration@7bc2bb58] to MetadataBuildingContext [org.hibernate.boot.internal.MetadataBuildingContextRootImpl@7e2c6fd6]
2024-06-03T13:03:33.905-05:00  INFO 20616 --- [Trip-Tix] [           main] o.h.e.t.j.p.i.JtaPlatformInitiator       : HHH000489: No JTA platform available (set 'hibernate.transaction.jta.platform' to enable JTA platform integration)
2024-06-03T13:03:33.906-05:00 DEBUG 20616 --- [Trip-Tix] [           main] o.h.type.spi.TypeConfiguration$Scope     : Scoping TypeConfiguration [org.hibernate.type.spi.TypeConfiguration@7bc2bb58] to SessionFactoryImplementor [org.hibernate.internal.SessionFactoryImpl@584136c1]
2024-06-03T13:03:33.913-05:00 TRACE 20616 --- [Trip-Tix] [           main] o.h.type.spi.TypeConfiguration$Scope     : Handling #sessionFactoryCreated from [org.hibernate.internal.SessionFactoryImpl@584136c1] for TypeConfiguration
2024-06-03T13:03:33.913-05:00  INFO 20616 --- [Trip-Tix] [           main] j.LocalContainerEntityManagerFactoryBean : Initialized JPA EntityManagerFactory for persistence unit 'default'
2024-06-03T13:03:34.296-05:00  WARN 20616 --- [Trip-Tix] [           main] JpaBaseConfiguration$JpaWebConfiguration : spring.jpa.open-in-view is enabled by default. Therefore, database queries may be performed during view rendering. Explicitly configure spring.jpa.open-in-view to disable this warning
2024-06-03T13:03:35.012-05:00  WARN 20616 --- [Trip-Tix] [           main] ion$DefaultTemplateResolverConfiguration : Cannot find template location: classpath:/templates/ (please add some templates, check your Thymeleaf configuration, or set spring.thymeleaf.check-template-location=false)
2024-06-03T13:03:35.355-05:00  WARN 20616 --- [Trip-Tix] [           main] .s.s.UserDetailsServiceAutoConfiguration : 

Using generated security password: 6d806a8e-e482-44b6-ab9e-b1ed20375a09

This generated password is for development use only. Your security configuration must be updated before running your application in production.

2024-06-03T13:03:35.427-05:00  INFO 20616 --- [Trip-Tix] [           main] r$InitializeUserDetailsManagerConfigurer : Global AuthenticationManager configured with UserDetailsService bean with name inMemoryUserDetailsManager
2024-06-03T13:03:35.756-05:00  INFO 20616 --- [Trip-Tix] [           main] o.s.s.web.DefaultSecurityFilterChain     : Will secure any request with [org.springframework.security.web.session.DisableEncodeUrlFilter@1d167630, org.springframework.security.web.context.request.async.WebAsyncManagerIntegrationFilter@3bc18fec, org.springframework.security.web.context.SecurityContextHolderFilter@332fa1c, org.springframework.security.web.header.HeaderWriterFilter@7ea039b4, org.springframework.web.filter.CorsFilter@1eee9b78, org.springframework.security.web.csrf.CsrfFilter@4a773f08, org.springframework.security.web.authentication.logout.LogoutFilter@6cf3b3d7, org.springframework.security.web.authentication.UsernamePasswordAuthenticationFilter@788d9139, org.springframework.security.web.authentication.ui.DefaultLoginPageGeneratingFilter@77401977, org.springframework.security.web.authentication.ui.DefaultLogoutPageGeneratingFilter@36762234, org.springframework.security.web.authentication.www.BasicAuthenticationFilter@776a3365, org.springframework.security.web.savedrequest.RequestCacheAwareFilter@1d0f7bcf, org.springframework.security.web.servletapi.SecurityContextHolderAwareRequestFilter@1978b0d5, org.springframework.security.web.authentication.AnonymousAuthenticationFilter@18ff753c, org.springframework.security.web.access.ExceptionTranslationFilter@3117ac8d, org.springframework.security.web.access.intercept.AuthorizationFilter@7e8783b0]
2024-06-03T13:03:35.909-05:00  INFO 20616 --- [Trip-Tix] [           main] c.e.triptix.TripTixApplicationTests      : Started TripTixApplicationTests in 7.635 seconds (process running for 9.472)
]]></system-out>
  </testcase>
</testsuite>